\BOOKMARK [1][-]{section.1}{Introduction}{}% 1
\BOOKMARK [1][-]{section.2}{Design de l'algorithme g\351n\351tique}{}% 2
\BOOKMARK [2][-]{subsection.2.1}{Repr\351sentation des solutions}{section.2}% 3
\BOOKMARK [3][-]{section*.2}{Fitness function}{subsection.2.1}% 4
\BOOKMARK [2][-]{subsection.2.2}{Op\351rateur de Crossover}{section.2}% 5
\BOOKMARK [2][-]{subsection.2.3}{Op\351rateur de S\351lection}{section.2}% 6
\BOOKMARK [2][-]{subsection.2.4}{Op\351rateur de mutation}{section.2}% 7
\BOOKMARK [3][-]{section*.3}{Op\351rateur swap}{subsection.2.4}% 8
\BOOKMARK [4][-]{section*.4}{Op\351rateur swap\1372opt}{section*.3}% 9
\BOOKMARK [3][-]{subsubsection.2.4.1}{Fonction : mutate}{subsection.2.4}% 10
\BOOKMARK [3][-]{subsubsection.2.4.2}{Fonction : mutate\137swap}{subsection.2.4}% 11
\BOOKMARK [3][-]{subsubsection.2.4.3}{Fonction : mutate\137swap\137nerfed }{subsection.2.4}% 12
\BOOKMARK [3][-]{subsubsection.2.4.4}{Fonction : mutate\1372opt}{subsection.2.4}% 13
\BOOKMARK [2][-]{subsection.2.5}{Crit\350res d'arr\352ts}{section.2}% 14
\BOOKMARK [2][-]{subsection.2.6}{D\351roulement de l'algorithme g\351n\351tique}{section.2}% 15
\BOOKMARK [1][-]{section.3}{R\351sultats et tests}{}% 16
\BOOKMARK [2][-]{subsection.3.1}{Meilleur R\351sultat}{section.3}% 17
\BOOKMARK [2][-]{subsection.3.2}{Tests}{section.3}% 18
\BOOKMARK [3][-]{subsubsection.3.2.1}{Test sur la taille de la population et le nombre d'individus dans un tournois }{subsection.3.2}% 19
\BOOKMARK [3][-]{subsubsection.3.2.2}{Test sur le k point crossover}{subsection.3.2}% 20
\BOOKMARK [3][-]{subsubsection.3.2.3}{Test sur la probabilit\351 de mutation}{subsection.3.2}% 21
\BOOKMARK [3][-]{subsubsection.3.2.4}{Test sur la m\351thode}{subsection.3.2}% 22
\BOOKMARK [1][-]{section.4}{Conclusion}{}% 23
\BOOKMARK [1][-]{section.5}{Annexe}{}% 24
\BOOKMARK [2][-]{subsection.5.1}{Graphique sur les k point crossover}{section.5}% 25
\BOOKMARK [3][-]{subsubsection.5.1.1}{R\351partitions selon les tests}{subsection.5.1}% 26
\BOOKMARK [3][-]{subsubsection.5.1.2}{Moyenne de la fitness en fonction de k}{subsection.5.1}% 27
\BOOKMARK [2][-]{subsection.5.2}{Graphique sur les mutations}{section.5}% 28
\BOOKMARK [3][-]{subsubsection.5.2.1}{R\351partitions selon les tests}{subsection.5.2}% 29
\BOOKMARK [3][-]{subsubsection.5.2.2}{Moyenne de la fitness en fonction de la probabilit\351 de mutation}{subsection.5.2}% 30
